** urn:nono:Studio:OpcUaServer: start trace
** Product version: Studio Studio Opc Ua Server 1.0.1
** Date: 2024-04-28
**
22:16:27.954Z|4|728C* ==> UaCoreServerApplication::start
22:16:27.954Z|6|728C* --> ServerConfigXml::loadConfiguration
22:16:27.955Z|2|728C* Warning: ServerConfigXml - AllowDeprecatedSecurityPolicies is set to true. You may run the server with settings that are no longer considered secure.
22:16:27.955Z|2|728C* Warning: ServerConfigXml - setting UserIdentityTokens/SecurityPolicy to http://opcfoundation.org/UA/SecurityPolicy#Basic256. This SecurityPolicy is no longer considered secure.
22:16:27.955Z|2|728C* Warning: UaEndpointXml::setXmlConfig - SecurityPolicyUri: http://opcfoundation.org/UA/SecurityPolicy#None is enabled. This allows clients to connect without certificate check.
22:16:27.955Z|6|728C* <-- ServerConfigXml::loadConfiguration [ret=0x0]
22:16:27.955Z|3|728C* UaDir::mkpath: Path already exists!
22:16:30.032Z|1|9288* [uastack] OpcUa_SecureConnection_OnNotify: Connect event: ERROR 0x80050000!
22:16:30.032Z|1|9288* [uastack] OpcUa_SecureConnection_OnNotify: Connect event: Notifying owner! 0x80050000
22:17:12.309Z|1|893C* [uastack] OpcUa_SecureConnection_OnNotify: Connect event: ERROR 0x80050000!
22:17:12.309Z|1|893C* [uastack] OpcUa_SecureConnection_OnNotify: Connect event: Notifying owner! 0x80050000
22:17:54.583Z|1|9B34* [uastack] OpcUa_SecureConnection_OnNotify: Connect event: ERROR 0x80050000!
22:17:54.583Z|1|9B34* [uastack] OpcUa_SecureConnection_OnNotify: Connect event: Notifying owner! 0x80050000
22:18:36.848Z|1|C2E4* [uastack] OpcUa_SecureConnection_OnNotify: Connect event: ERROR 0x80050000!
22:18:36.848Z|1|C2E4* [uastack] OpcUa_SecureConnection_OnNotify: Connect event: Notifying owner! 0x80050000
22:19:19.114Z|1|7108* [uastack] OpcUa_SecureConnection_OnNotify: Connect event: ERROR 0x80050000!
22:19:19.114Z|1|7108* [uastack] OpcUa_SecureConnection_OnNotify: Connect event: Notifying owner! 0x80050000
22:20:01.385Z|1|BE90* [uastack] OpcUa_SecureConnection_OnNotify: Connect event: ERROR 0x80050000!
22:20:01.385Z|1|BE90* [uastack] OpcUa_SecureConnection_OnNotify: Connect event: Notifying owner! 0x80050000
22:20:43.667Z|1|9998* [uastack] OpcUa_SecureConnection_OnNotify: Connect event: ERROR 0x80050000!
22:20:43.667Z|1|9998* [uastack] OpcUa_SecureConnection_OnNotify: Connect event: Notifying owner! 0x80050000
22:21:25.914Z|1|8B84* [uastack] OpcUa_SecureConnection_OnNotify: Connect event: ERROR 0x80050000!
22:21:25.914Z|1|8B84* [uastack] OpcUa_SecureConnection_OnNotify: Connect event: Notifying owner! 0x80050000
22:22:08.174Z|1|BA34* [uastack] OpcUa_SecureConnection_OnNotify: Connect event: ERROR 0x80050000!
22:22:08.174Z|1|BA34* [uastack] OpcUa_SecureConnection_OnNotify: Connect event: Notifying owner! 0x80050000
22:22:50.451Z|1|BEF0* [uastack] OpcUa_SecureConnection_OnNotify: Connect event: ERROR 0x80050000!
22:22:50.451Z|1|BEF0* [uastack] OpcUa_SecureConnection_OnNotify: Connect event: Notifying owner! 0x80050000
22:23:32.725Z|1|B440* [uastack] OpcUa_SecureConnection_OnNotify: Connect event: ERROR 0x80050000!
22:23:32.725Z|1|B440* [uastack] OpcUa_SecureConnection_OnNotify: Connect event: Notifying owner! 0x80050000
22:24:14.976Z|1|8680* [uastack] OpcUa_SecureConnection_OnNotify: Connect event: ERROR 0x80050000!
22:24:14.976Z|1|8680* [uastack] OpcUa_SecureConnection_OnNotify: Connect event: Notifying owner! 0x80050000
22:24:57.230Z|1|0F8C* [uastack] OpcUa_SecureConnection_OnNotify: Connect event: ERROR 0x80050000!
22:24:57.230Z|1|0F8C* [uastack] OpcUa_SecureConnection_OnNotify: Connect event: Notifying owner! 0x80050000
22:25:39.442Z|1|BE84* [uastack] OpcUa_SecureConnection_OnNotify: Connect event: ERROR 0x80050000!
22:25:39.442Z|1|BE84* [uastack] OpcUa_SecureConnection_OnNotify: Connect event: Notifying owner! 0x80050000
22:26:21.663Z|1|8C54* [uastack] OpcUa_SecureConnection_OnNotify: Connect event: ERROR 0x80050000!
22:26:21.663Z|1|8C54* [uastack] OpcUa_SecureConnection_OnNotify: Connect event: Notifying owner! 0x80050000
22:27:03.855Z|1|0AC4* [uastack] OpcUa_SecureConnection_OnNotify: Connect event: ERROR 0x80050000!
22:27:03.855Z|1|0AC4* [uastack] OpcUa_SecureConnection_OnNotify: Connect event: Notifying owner! 0x80050000
22:27:46.047Z|1|8364* [uastack] OpcUa_SecureConnection_OnNotify: Connect event: ERROR 0x80050000!
22:27:46.047Z|1|8364* [uastack] OpcUa_SecureConnection_OnNotify: Connect event: Notifying owner! 0x80050000
22:28:28.231Z|1|177C* [uastack] OpcUa_SecureConnection_OnNotify: Connect event: ERROR 0x80050000!
22:28:28.231Z|1|177C* [uastack] OpcUa_SecureConnection_OnNotify: Connect event: Notifying owner! 0x80050000
22:29:10.420Z|1|10BC* [uastack] OpcUa_SecureConnection_OnNotify: Connect event: ERROR 0x80050000!
22:29:10.420Z|1|10BC* [uastack] OpcUa_SecureConnection_OnNotify: Connect event: Notifying owner! 0x80050000
22:29:52.596Z|1|B404* [uastack] OpcUa_SecureConnection_OnNotify: Connect event: ERROR 0x80050000!
22:29:52.596Z|1|B404* [uastack] OpcUa_SecureConnection_OnNotify: Connect event: Notifying owner! 0x80050000
22:30:34.769Z|1|91E8* [uastack] OpcUa_SecureConnection_OnNotify: Connect event: ERROR 0x80050000!
22:30:34.769Z|1|91E8* [uastack] OpcUa_SecureConnection_OnNotify: Connect event: Notifying owner! 0x80050000
22:31:16.945Z|1|57C8* [uastack] OpcUa_SecureConnection_OnNotify: Connect event: ERROR 0x80050000!
22:31:16.945Z|1|57C8* [uastack] OpcUa_SecureConnection_OnNotify: Connect event: Notifying owner! 0x80050000
22:31:59.147Z|1|3BDC* [uastack] OpcUa_SecureConnection_OnNotify: Connect event: ERROR 0x80050000!
22:31:59.147Z|1|3BDC* [uastack] OpcUa_SecureConnection_OnNotify: Connect event: Notifying owner! 0x80050000
22:32:41.366Z|1|BA18* [uastack] OpcUa_SecureConnection_OnNotify: Connect event: ERROR 0x80050000!
22:32:41.366Z|1|BA18* [uastack] OpcUa_SecureConnection_OnNotify: Connect event: Notifying owner! 0x80050000
22:33:23.539Z|1|C36C* [uastack] OpcUa_SecureConnection_OnNotify: Connect event: ERROR 0x80050000!
22:33:23.539Z|1|C36C* [uastack] OpcUa_SecureConnection_OnNotify: Connect event: Notifying owner! 0x80050000
22:34:05.726Z|1|88F0* [uastack] OpcUa_SecureConnection_OnNotify: Connect event: ERROR 0x80050000!
22:34:05.726Z|1|88F0* [uastack] OpcUa_SecureConnection_OnNotify: Connect event: Notifying owner! 0x80050000
22:34:47.913Z|1|6AB8* [uastack] OpcUa_SecureConnection_OnNotify: Connect event: ERROR 0x80050000!
22:34:47.913Z|1|6AB8* [uastack] OpcUa_SecureConnection_OnNotify: Connect event: Notifying owner! 0x80050000
22:35:30.095Z|1|6780* [uastack] OpcUa_SecureConnection_OnNotify: Connect event: ERROR 0x80050000!
22:35:30.095Z|1|6780* [uastack] OpcUa_SecureConnection_OnNotify: Connect event: Notifying owner! 0x80050000
22:36:12.267Z|1|B1E4* [uastack] OpcUa_SecureConnection_OnNotify: Connect event: ERROR 0x80050000!
22:36:12.267Z|1|B1E4* [uastack] OpcUa_SecureConnection_OnNotify: Connect event: Notifying owner! 0x80050000
22:36:54.453Z|1|0F88* [uastack] OpcUa_SecureConnection_OnNotify: Connect event: ERROR 0x80050000!
22:36:54.453Z|1|0F88* [uastack] OpcUa_SecureConnection_OnNotify: Connect event: Notifying owner! 0x80050000
22:37:36.622Z|1|5498* [uastack] OpcUa_SecureConnection_OnNotify: Connect event: ERROR 0x80050000!
22:37:36.622Z|1|5498* [uastack] OpcUa_SecureConnection_OnNotify: Connect event: Notifying owner! 0x80050000
22:38:18.783Z|1|9854* [uastack] OpcUa_SecureConnection_OnNotify: Connect event: ERROR 0x80050000!
22:38:18.783Z|1|9854* [uastack] OpcUa_SecureConnection_OnNotify: Connect event: Notifying owner! 0x80050000
22:39:00.940Z|1|C3C0* [uastack] OpcUa_SecureConnection_OnNotify: Connect event: ERROR 0x80050000!
22:39:00.940Z|1|C3C0* [uastack] OpcUa_SecureConnection_OnNotify: Connect event: Notifying owner! 0x80050000
22:39:43.113Z|1|17B4* [uastack] OpcUa_SecureConnection_OnNotify: Connect event: ERROR 0x80050000!
22:39:43.113Z|1|17B4* [uastack] OpcUa_SecureConnection_OnNotify: Connect event: Notifying owner! 0x80050000
22:40:25.378Z|1|87E0* [uastack] OpcUa_SecureConnection_OnNotify: Connect event: ERROR 0x80050000!
22:40:25.378Z|1|87E0* [uastack] OpcUa_SecureConnection_OnNotify: Connect event: Notifying owner! 0x80050000
22:41:09.211Z|1|8B24* [uastack] OpcUa_SecureConnection_OnNotify: Connect event: ERROR 0x80050000!
22:41:09.211Z|1|8B24* [uastack] OpcUa_SecureConnection_OnNotify: Connect event: Notifying owner! 0x80050000
22:41:43.920Z|1|7004* [uastack] OpcUa_SecureConnection_OnNotify: Connect event: ERROR 0x80050000!
22:41:43.920Z|1|7004* [uastack] OpcUa_SecureConnection_OnNotify: Connect event: Notifying owner! 0x80050000
22:42:18.712Z|1|4660* [uastack] OpcUa_SecureConnection_OnNotify: Connect event: ERROR 0x80050000!
22:42:18.712Z|1|4660* [uastack] OpcUa_SecureConnection_OnNotify: Connect event: Notifying owner! 0x80050000
22:42:53.449Z|1|8EA0* [uastack] OpcUa_SecureConnection_OnNotify: Connect event: ERROR 0x80050000!
22:42:53.449Z|1|8EA0* [uastack] OpcUa_SecureConnection_OnNotify: Connect event: Notifying owner! 0x80050000
22:43:28.211Z|1|49A0* [uastack] OpcUa_SecureConnection_OnNotify: Connect event: ERROR 0x80050000!
22:43:28.211Z|1|49A0* [uastack] OpcUa_SecureConnection_OnNotify: Connect event: Notifying owner! 0x80050000
22:44:02.991Z|1|364C* [uastack] OpcUa_SecureConnection_OnNotify: Connect event: ERROR 0x80050000!
22:44:02.991Z|1|364C* [uastack] OpcUa_SecureConnection_OnNotify: Connect event: Notifying owner! 0x80050000
22:44:37.773Z|1|9FC0* [uastack] OpcUa_SecureConnection_OnNotify: Connect event: ERROR 0x80050000!
22:44:37.773Z|1|9FC0* [uastack] OpcUa_SecureConnection_OnNotify: Connect event: Notifying owner! 0x80050000
22:45:12.498Z|1|C41C* [uastack] OpcUa_SecureConnection_OnNotify: Connect event: ERROR 0x80050000!
22:45:12.498Z|1|C41C* [uastack] OpcUa_SecureConnection_OnNotify: Connect event: Notifying owner! 0x80050000
22:45:47.221Z|1|3550* [uastack] OpcUa_SecureConnection_OnNotify: Connect event: ERROR 0x80050000!
22:45:47.221Z|1|3550* [uastack] OpcUa_SecureConnection_OnNotify: Connect event: Notifying owner! 0x80050000
22:46:21.948Z|1|786C* [uastack] OpcUa_SecureConnection_OnNotify: Connect event: ERROR 0x80050000!
22:46:21.948Z|1|786C* [uastack] OpcUa_SecureConnection_OnNotify: Connect event: Notifying owner! 0x80050000
22:46:56.666Z|1|AAD4* [uastack] OpcUa_SecureConnection_OnNotify: Connect event: ERROR 0x80050000!
22:46:56.666Z|1|AAD4* [uastack] OpcUa_SecureConnection_OnNotify: Connect event: Notifying owner! 0x80050000
22:47:31.435Z|1|55B0* [uastack] OpcUa_SecureConnection_OnNotify: Connect event: ERROR 0x80050000!
22:47:31.435Z|1|55B0* [uastack] OpcUa_SecureConnection_OnNotify: Connect event: Notifying owner! 0x80050000
22:48:06.189Z|1|A8D0* [uastack] OpcUa_SecureConnection_OnNotify: Connect event: ERROR 0x80050000!
22:48:06.189Z|1|A8D0* [uastack] OpcUa_SecureConnection_OnNotify: Connect event: Notifying owner! 0x80050000
22:48:40.950Z|1|AA44* [uastack] OpcUa_SecureConnection_OnNotify: Connect event: ERROR 0x80050000!
22:48:40.950Z|1|AA44* [uastack] OpcUa_SecureConnection_OnNotify: Connect event: Notifying owner! 0x80050000
22:49:15.710Z|1|2A98* [uastack] OpcUa_SecureConnection_OnNotify: Connect event: ERROR 0x80050000!
22:49:15.710Z|1|2A98* [uastack] OpcUa_SecureConnection_OnNotify: Connect event: Notifying owner! 0x80050000
22:49:50.478Z|1|7B8C* [uastack] OpcUa_SecureConnection_OnNotify: Connect event: ERROR 0x80050000!
22:49:50.479Z|1|7B8C* [uastack] OpcUa_SecureConnection_OnNotify: Connect event: Notifying owner! 0x80050000
22:50:25.221Z|1|50F8* [uastack] OpcUa_SecureConnection_OnNotify: Connect event: ERROR 0x80050000!
22:50:25.221Z|1|50F8* [uastack] OpcUa_SecureConnection_OnNotify: Connect event: Notifying owner! 0x80050000
22:51:00.005Z|1|C1C8* [uastack] OpcUa_SecureConnection_OnNotify: Connect event: ERROR 0x80050000!
22:51:00.005Z|1|C1C8* [uastack] OpcUa_SecureConnection_OnNotify: Connect event: Notifying owner! 0x80050000
22:51:34.771Z|1|858C* [uastack] OpcUa_SecureConnection_OnNotify: Connect event: ERROR 0x80050000!
22:51:34.771Z|1|858C* [uastack] OpcUa_SecureConnection_OnNotify: Connect event: Notifying owner! 0x80050000
22:52:09.513Z|1|5BEC* [uastack] OpcUa_SecureConnection_OnNotify: Connect event: ERROR 0x80050000!
22:52:09.513Z|1|5BEC* [uastack] OpcUa_SecureConnection_OnNotify: Connect event: Notifying owner! 0x80050000
22:52:44.268Z|1|8F84* [uastack] OpcUa_SecureConnection_OnNotify: Connect event: ERROR 0x80050000!
22:52:44.268Z|1|8F84* [uastack] OpcUa_SecureConnection_OnNotify: Connect event: Notifying owner! 0x80050000
22:53:18.954Z|1|3AC4* [uastack] OpcUa_SecureConnection_OnNotify: Connect event: ERROR 0x80050000!
22:53:18.954Z|1|3AC4* [uastack] OpcUa_SecureConnection_OnNotify: Connect event: Notifying owner! 0x80050000
22:53:53.702Z|1|7AE8* [uastack] OpcUa_SecureConnection_OnNotify: Connect event: ERROR 0x80050000!
22:53:53.702Z|1|7AE8* [uastack] OpcUa_SecureConnection_OnNotify: Connect event: Notifying owner! 0x80050000
22:54:28.445Z|1|943C* [uastack] OpcUa_SecureConnection_OnNotify: Connect event: ERROR 0x80050000!
22:54:28.445Z|1|943C* [uastack] OpcUa_SecureConnection_OnNotify: Connect event: Notifying owner! 0x80050000
22:55:03.167Z|1|B448* [uastack] OpcUa_SecureConnection_OnNotify: Connect event: ERROR 0x80050000!
22:55:03.167Z|1|B448* [uastack] OpcUa_SecureConnection_OnNotify: Connect event: Notifying owner! 0x80050000
22:55:37.867Z|1|BCE4* [uastack] OpcUa_SecureConnection_OnNotify: Connect event: ERROR 0x80050000!
22:55:37.867Z|1|BCE4* [uastack] OpcUa_SecureConnection_OnNotify: Connect event: Notifying owner! 0x80050000
22:56:12.587Z|1|4C5C* [uastack] OpcUa_SecureConnection_OnNotify: Connect event: ERROR 0x80050000!
22:56:12.587Z|1|4C5C* [uastack] OpcUa_SecureConnection_OnNotify: Connect event: Notifying owner! 0x80050000
22:56:47.333Z|1|5CF8* [uastack] OpcUa_SecureConnection_OnNotify: Connect event: ERROR 0x80050000!
22:56:47.333Z|1|5CF8* [uastack] OpcUa_SecureConnection_OnNotify: Connect event: Notifying owner! 0x80050000
22:57:22.067Z|1|9748* [uastack] OpcUa_SecureConnection_OnNotify: Connect event: ERROR 0x80050000!
22:57:22.068Z|1|9748* [uastack] OpcUa_SecureConnection_OnNotify: Connect event: Notifying owner! 0x80050000
22:57:56.809Z|1|6C20* [uastack] OpcUa_SecureConnection_OnNotify: Connect event: ERROR 0x80050000!
22:57:56.809Z|1|6C20* [uastack] OpcUa_SecureConnection_OnNotify: Connect event: Notifying owner! 0x80050000
22:58:31.530Z|1|73CC* [uastack] OpcUa_SecureConnection_OnNotify: Connect event: ERROR 0x80050000!
22:58:31.530Z|1|73CC* [uastack] OpcUa_SecureConnection_OnNotify: Connect event: Notifying owner! 0x80050000
22:59:06.261Z|1|81E4* [uastack] OpcUa_SecureConnection_OnNotify: Connect event: ERROR 0x80050000!
22:59:06.261Z|1|81E4* [uastack] OpcUa_SecureConnection_OnNotify: Connect event: Notifying owner! 0x80050000
22:59:40.971Z|1|165C* [uastack] OpcUa_SecureConnection_OnNotify: Connect event: ERROR 0x80050000!
22:59:40.971Z|1|165C* [uastack] OpcUa_SecureConnection_OnNotify: Connect event: Notifying owner! 0x80050000
23:00:15.677Z|1|C2DC* [uastack] OpcUa_SecureConnection_OnNotify: Connect event: ERROR 0x80050000!
23:00:15.677Z|1|C2DC* [uastack] OpcUa_SecureConnection_OnNotify: Connect event: Notifying owner! 0x80050000
23:00:50.409Z|1|1AA8* [uastack] OpcUa_SecureConnection_OnNotify: Connect event: ERROR 0x80050000!
23:00:50.409Z|1|1AA8* [uastack] OpcUa_SecureConnection_OnNotify: Connect event: Notifying owner! 0x80050000
23:01:25.168Z|1|9648* [uastack] OpcUa_SecureConnection_OnNotify: Connect event: ERROR 0x80050000!
23:01:25.168Z|1|9648* [uastack] OpcUa_SecureConnection_OnNotify: Connect event: Notifying owner! 0x80050000
23:01:59.881Z|1|7B08* [uastack] OpcUa_SecureConnection_OnNotify: Connect event: ERROR 0x80050000!
23:01:59.881Z|1|7B08* [uastack] OpcUa_SecureConnection_OnNotify: Connect event: Notifying owner! 0x80050000
23:02:34.643Z|1|3F14* [uastack] OpcUa_SecureConnection_OnNotify: Connect event: ERROR 0x80050000!
23:02:34.643Z|1|3F14* [uastack] OpcUa_SecureConnection_OnNotify: Connect event: Notifying owner! 0x80050000
23:03:09.386Z|1|098C* [uastack] OpcUa_SecureConnection_OnNotify: Connect event: ERROR 0x80050000!
23:03:09.387Z|1|098C* [uastack] OpcUa_SecureConnection_OnNotify: Connect event: Notifying owner! 0x80050000
23:03:44.109Z|1|5EFC* [uastack] OpcUa_SecureConnection_OnNotify: Connect event: ERROR 0x80050000!
23:03:44.109Z|1|5EFC* [uastack] OpcUa_SecureConnection_OnNotify: Connect event: Notifying owner! 0x80050000
23:04:18.863Z|1|B038* [uastack] OpcUa_SecureConnection_OnNotify: Connect event: ERROR 0x80050000!
23:04:18.863Z|1|B038* [uastack] OpcUa_SecureConnection_OnNotify: Connect event: Notifying owner! 0x80050000
23:04:53.587Z|1|BCE0* [uastack] OpcUa_SecureConnection_OnNotify: Connect event: ERROR 0x80050000!
23:04:53.587Z|1|BCE0* [uastack] OpcUa_SecureConnection_OnNotify: Connect event: Notifying owner! 0x80050000
23:05:28.317Z|1|9750* [uastack] OpcUa_SecureConnection_OnNotify: Connect event: ERROR 0x80050000!
23:05:28.317Z|1|9750* [uastack] OpcUa_SecureConnection_OnNotify: Connect event: Notifying owner! 0x80050000
23:06:03.050Z|1|572C* [uastack] OpcUa_SecureConnection_OnNotify: Connect event: ERROR 0x80050000!
23:06:03.050Z|1|572C* [uastack] OpcUa_SecureConnection_OnNotify: Connect event: Notifying owner! 0x80050000
23:06:37.805Z|1|922C* [uastack] OpcUa_SecureConnection_OnNotify: Connect event: ERROR 0x80050000!
23:06:37.805Z|1|922C* [uastack] OpcUa_SecureConnection_OnNotify: Connect event: Notifying owner! 0x80050000
23:07:12.529Z|1|3DEC* [uastack] OpcUa_SecureConnection_OnNotify: Connect event: ERROR 0x80050000!
23:07:12.529Z|1|3DEC* [uastack] OpcUa_SecureConnection_OnNotify: Connect event: Notifying owner! 0x80050000
23:07:47.288Z|1|95E8* [uastack] OpcUa_SecureConnection_OnNotify: Connect event: ERROR 0x80050000!
23:07:47.288Z|1|95E8* [uastack] OpcUa_SecureConnection_OnNotify: Connect event: Notifying owner! 0x80050000
23:08:22.044Z|1|8134* [uastack] OpcUa_SecureConnection_OnNotify: Connect event: ERROR 0x80050000!
23:08:22.045Z|1|8134* [uastack] OpcUa_SecureConnection_OnNotify: Connect event: Notifying owner! 0x80050000
23:08:56.776Z|1|23A4* [uastack] OpcUa_SecureConnection_OnNotify: Connect event: ERROR 0x80050000!
23:08:56.777Z|1|23A4* [uastack] OpcUa_SecureConnection_OnNotify: Connect event: Notifying owner! 0x80050000
23:09:31.516Z|1|84CC* [uastack] OpcUa_SecureConnection_OnNotify: Connect event: ERROR 0x80050000!
23:09:31.516Z|1|84CC* [uastack] OpcUa_SecureConnection_OnNotify: Connect event: Notifying owner! 0x80050000
23:10:06.225Z|1|1B68* [uastack] OpcUa_SecureConnection_OnNotify: Connect event: ERROR 0x80050000!
23:10:06.225Z|1|1B68* [uastack] OpcUa_SecureConnection_OnNotify: Connect event: Notifying owner! 0x80050000
23:10:40.973Z|1|AF34* [uastack] OpcUa_SecureConnection_OnNotify: Connect event: ERROR 0x80050000!
23:10:40.973Z|1|AF34* [uastack] OpcUa_SecureConnection_OnNotify: Connect event: Notifying owner! 0x80050000
23:11:15.684Z|1|8F50* [uastack] OpcUa_SecureConnection_OnNotify: Connect event: ERROR 0x80050000!
23:11:15.684Z|1|8F50* [uastack] OpcUa_SecureConnection_OnNotify: Connect event: Notifying owner! 0x80050000
23:11:50.421Z|1|0848* [uastack] OpcUa_SecureConnection_OnNotify: Connect event: ERROR 0x80050000!
23:11:50.421Z|1|0848* [uastack] OpcUa_SecureConnection_OnNotify: Connect event: Notifying owner! 0x80050000
23:12:25.037Z|1|C6C8* [uastack] OpcUa_SecureConnection_OnNotify: Connect event: ERROR 0x80050000!
23:12:25.037Z|1|C6C8* [uastack] OpcUa_SecureConnection_OnNotify: Connect event: Notifying owner! 0x80050000
23:12:59.510Z|1|31A8* [uastack] OpcUa_SecureConnection_OnNotify: Connect event: ERROR 0x80050000!
23:12:59.510Z|1|31A8* [uastack] OpcUa_SecureConnection_OnNotify: Connect event: Notifying owner! 0x80050000
23:13:34.020Z|1|5F70* [uastack] OpcUa_SecureConnection_OnNotify: Connect event: ERROR 0x80050000!
23:13:34.021Z|1|5F70* [uastack] OpcUa_SecureConnection_OnNotify: Connect event: Notifying owner! 0x80050000
23:14:08.478Z|1|35CC* [uastack] OpcUa_SecureConnection_OnNotify: Connect event: ERROR 0x80050000!
23:14:08.478Z|1|35CC* [uastack] OpcUa_SecureConnection_OnNotify: Connect event: Notifying owner! 0x80050000
23:14:42.977Z|1|A590* [uastack] OpcUa_SecureConnection_OnNotify: Connect event: ERROR 0x80050000!
23:14:42.977Z|1|A590* [uastack] OpcUa_SecureConnection_OnNotify: Connect event: Notifying owner! 0x80050000
23:15:17.426Z|1|6454* [uastack] OpcUa_SecureConnection_OnNotify: Connect event: ERROR 0x80050000!
23:15:17.426Z|1|6454* [uastack] OpcUa_SecureConnection_OnNotify: Connect event: Notifying owner! 0x80050000
23:15:51.941Z|1|8E6C* [uastack] OpcUa_SecureConnection_OnNotify: Connect event: ERROR 0x80050000!
23:15:51.941Z|1|8E6C* [uastack] OpcUa_SecureConnection_OnNotify: Connect event: Notifying owner! 0x80050000
23:16:26.401Z|1|8B00* [uastack] OpcUa_SecureConnection_OnNotify: Connect event: ERROR 0x80050000!
23:16:26.401Z|1|8B00* [uastack] OpcUa_SecureConnection_OnNotify: Connect event: Notifying owner! 0x80050000
23:17:00.881Z|1|8E44* [uastack] OpcUa_SecureConnection_OnNotify: Connect event: ERROR 0x80050000!
23:17:00.881Z|1|8E44* [uastack] OpcUa_SecureConnection_OnNotify: Connect event: Notifying owner! 0x80050000
23:17:35.347Z|1|5BB4* [uastack] OpcUa_SecureConnection_OnNotify: Connect event: ERROR 0x80050000!
23:17:35.347Z|1|5BB4* [uastack] OpcUa_SecureConnection_OnNotify: Connect event: Notifying owner! 0x80050000
23:18:09.804Z|1|7130* [uastack] OpcUa_SecureConnection_OnNotify: Connect event: ERROR 0x80050000!
23:18:09.804Z|1|7130* [uastack] OpcUa_SecureConnection_OnNotify: Connect event: Notifying owner! 0x80050000
23:18:44.355Z|1|7FEC* [uastack] OpcUa_SecureConnection_OnNotify: Connect event: ERROR 0x80050000!
23:18:44.355Z|1|7FEC* [uastack] OpcUa_SecureConnection_OnNotify: Connect event: Notifying owner! 0x80050000
23:19:19.088Z|1|AD68* [uastack] OpcUa_SecureConnection_OnNotify: Connect event: ERROR 0x80050000!
23:19:19.088Z|1|AD68* [uastack] OpcUa_SecureConnection_OnNotify: Connect event: Notifying owner! 0x80050000
23:19:53.837Z|1|9A50* [uastack] OpcUa_SecureConnection_OnNotify: Connect event: ERROR 0x80050000!
23:19:53.837Z|1|9A50* [uastack] OpcUa_SecureConnection_OnNotify: Connect event: Notifying owner! 0x80050000
23:20:28.546Z|1|B528* [uastack] OpcUa_SecureConnection_OnNotify: Connect event: ERROR 0x80050000!
23:20:28.546Z|1|B528* [uastack] OpcUa_SecureConnection_OnNotify: Connect event: Notifying owner! 0x80050000
23:21:03.289Z|1|8094* [uastack] OpcUa_SecureConnection_OnNotify: Connect event: ERROR 0x80050000!
23:21:03.289Z|1|8094* [uastack] OpcUa_SecureConnection_OnNotify: Connect event: Notifying owner! 0x80050000
23:21:38.043Z|1|C2D0* [uastack] OpcUa_SecureConnection_OnNotify: Connect event: ERROR 0x80050000!
23:21:38.043Z|1|C2D0* [uastack] OpcUa_SecureConnection_OnNotify: Connect event: Notifying owner! 0x80050000
23:22:12.763Z|1|4D14* [uastack] OpcUa_SecureConnection_OnNotify: Connect event: ERROR 0x80050000!
23:22:12.763Z|1|4D14* [uastack] OpcUa_SecureConnection_OnNotify: Connect event: Notifying owner! 0x80050000
23:22:47.495Z|1|AE08* [uastack] OpcUa_SecureConnection_OnNotify: Connect event: ERROR 0x80050000!
23:22:47.496Z|1|AE08* [uastack] OpcUa_SecureConnection_OnNotify: Connect event: Notifying owner! 0x80050000
23:23:22.234Z|1|8964* [uastack] OpcUa_SecureConnection_OnNotify: Connect event: ERROR 0x80050000!
23:23:22.234Z|1|8964* [uastack] OpcUa_SecureConnection_OnNotify: Connect event: Notifying owner! 0x80050000
23:23:56.952Z|1|B3A8* [uastack] OpcUa_SecureConnection_OnNotify: Connect event: ERROR 0x80050000!
23:23:56.952Z|1|B3A8* [uastack] OpcUa_SecureConnection_OnNotify: Connect event: Notifying owner! 0x80050000
23:24:31.715Z|1|106C* [uastack] OpcUa_SecureConnection_OnNotify: Connect event: ERROR 0x80050000!
23:24:31.716Z|1|106C* [uastack] OpcUa_SecureConnection_OnNotify: Connect event: Notifying owner! 0x80050000
23:25:06.475Z|1|9D3C* [uastack] OpcUa_SecureConnection_OnNotify: Connect event: ERROR 0x80050000!
23:25:06.475Z|1|9D3C* [uastack] OpcUa_SecureConnection_OnNotify: Connect event: Notifying owner! 0x80050000
23:25:41.215Z|1|2C9C* [uastack] OpcUa_SecureConnection_OnNotify: Connect event: ERROR 0x80050000!
23:25:41.215Z|1|2C9C* [uastack] OpcUa_SecureConnection_OnNotify: Connect event: Notifying owner! 0x80050000
23:26:15.902Z|1|3BC8* [uastack] OpcUa_SecureConnection_OnNotify: Connect event: ERROR 0x80050000!
23:26:15.902Z|1|3BC8* [uastack] OpcUa_SecureConnection_OnNotify: Connect event: Notifying owner! 0x80050000
23:26:50.667Z|1|695C* [uastack] OpcUa_SecureConnection_OnNotify: Connect event: ERROR 0x80050000!
23:26:50.667Z|1|695C* [uastack] OpcUa_SecureConnection_OnNotify: Connect event: Notifying owner! 0x80050000
23:27:25.340Z|1|BD24* [uastack] OpcUa_SecureConnection_OnNotify: Connect event: ERROR 0x80050000!
23:27:25.340Z|1|BD24* [uastack] OpcUa_SecureConnection_OnNotify: Connect event: Notifying owner! 0x80050000
23:28:00.077Z|1|90F8* [uastack] OpcUa_SecureConnection_OnNotify: Connect event: ERROR 0x80050000!
23:28:00.077Z|1|90F8* [uastack] OpcUa_SecureConnection_OnNotify: Connect event: Notifying owner! 0x80050000
23:28:34.818Z|1|7750* [uastack] OpcUa_SecureConnection_OnNotify: Connect event: ERROR 0x80050000!
23:28:34.818Z|1|7750* [uastack] OpcUa_SecureConnection_OnNotify: Connect event: Notifying owner! 0x80050000
23:29:09.540Z|1|4134* [uastack] OpcUa_SecureConnection_OnNotify: Connect event: ERROR 0x80050000!
23:29:09.540Z|1|4134* [uastack] OpcUa_SecureConnection_OnNotify: Connect event: Notifying owner! 0x80050000
23:29:44.262Z|1|7C88* [uastack] OpcUa_SecureConnection_OnNotify: Connect event: ERROR 0x80050000!
23:29:44.262Z|1|7C88* [uastack] OpcUa_SecureConnection_OnNotify: Connect event: Notifying owner! 0x80050000
23:30:19.006Z|1|92B4* [uastack] OpcUa_SecureConnection_OnNotify: Connect event: ERROR 0x80050000!
23:30:19.006Z|1|92B4* [uastack] OpcUa_SecureConnection_OnNotify: Connect event: Notifying owner! 0x80050000
23:30:53.700Z|1|B89C* [uastack] OpcUa_SecureConnection_OnNotify: Connect event: ERROR 0x80050000!
23:30:53.700Z|1|B89C* [uastack] OpcUa_SecureConnection_OnNotify: Connect event: Notifying owner! 0x80050000
23:31:28.453Z|1|8F90* [uastack] OpcUa_SecureConnection_OnNotify: Connect event: ERROR 0x80050000!
23:31:28.454Z|1|8F90* [uastack] OpcUa_SecureConnection_OnNotify: Connect event: Notifying owner! 0x80050000
23:32:03.178Z|1|A080* [uastack] OpcUa_SecureConnection_OnNotify: Connect event: ERROR 0x80050000!
23:32:03.178Z|1|A080* [uastack] OpcUa_SecureConnection_OnNotify: Connect event: Notifying owner! 0x80050000
23:32:37.939Z|1|C7DC* [uastack] OpcUa_SecureConnection_OnNotify: Connect event: ERROR 0x80050000!
23:32:37.939Z|1|C7DC* [uastack] OpcUa_SecureConnection_OnNotify: Connect event: Notifying owner! 0x80050000
23:33:12.660Z|1|65FC* [uastack] OpcUa_SecureConnection_OnNotify: Connect event: ERROR 0x80050000!
23:33:12.660Z|1|65FC* [uastack] OpcUa_SecureConnection_OnNotify: Connect event: Notifying owner! 0x80050000
23:33:47.412Z|1|26EC* [uastack] OpcUa_SecureConnection_OnNotify: Connect event: ERROR 0x80050000!
23:33:47.412Z|1|26EC* [uastack] OpcUa_SecureConnection_OnNotify: Connect event: Notifying owner! 0x80050000
23:34:22.171Z|1|1A70* [uastack] OpcUa_SecureConnection_OnNotify: Connect event: ERROR 0x80050000!
23:34:22.171Z|1|1A70* [uastack] OpcUa_SecureConnection_OnNotify: Connect event: Notifying owner! 0x80050000
23:34:56.957Z|1|3C10* [uastack] OpcUa_SecureConnection_OnNotify: Connect event: ERROR 0x80050000!
23:34:56.957Z|1|3C10* [uastack] OpcUa_SecureConnection_OnNotify: Connect event: Notifying owner! 0x80050000
23:35:31.674Z|1|BA48* [uastack] OpcUa_SecureConnection_OnNotify: Connect event: ERROR 0x80050000!
23:35:31.675Z|1|BA48* [uastack] OpcUa_SecureConnection_OnNotify: Connect event: Notifying owner! 0x80050000
23:36:06.392Z|1|98A4* [uastack] OpcUa_SecureConnection_OnNotify: Connect event: ERROR 0x80050000!
23:36:06.392Z|1|98A4* [uastack] OpcUa_SecureConnection_OnNotify: Connect event: Notifying owner! 0x80050000
23:36:41.144Z|1|222C* [uastack] OpcUa_SecureConnection_OnNotify: Connect event: ERROR 0x80050000!
23:36:41.144Z|1|222C* [uastack] OpcUa_SecureConnection_OnNotify: Connect event: Notifying owner! 0x80050000
23:37:15.954Z|1|B7A0* [uastack] OpcUa_SecureConnection_OnNotify: Connect event: ERROR 0x80050000!
23:37:15.954Z|1|B7A0* [uastack] OpcUa_SecureConnection_OnNotify: Connect event: Notifying owner! 0x80050000
23:37:50.712Z|1|9108* [uastack] OpcUa_SecureConnection_OnNotify: Connect event: ERROR 0x80050000!
23:37:50.712Z|1|9108* [uastack] OpcUa_SecureConnection_OnNotify: Connect event: Notifying owner! 0x80050000
23:38:25.497Z|1|8034* [uastack] OpcUa_SecureConnection_OnNotify: Connect event: ERROR 0x80050000!
23:38:25.497Z|1|8034* [uastack] OpcUa_SecureConnection_OnNotify: Connect event: Notifying owner! 0x80050000
23:39:00.267Z|1|6074* [uastack] OpcUa_SecureConnection_OnNotify: Connect event: ERROR 0x80050000!
23:39:00.268Z|1|6074* [uastack] OpcUa_SecureConnection_OnNotify: Connect event: Notifying owner! 0x80050000
23:39:35.038Z|1|6538* [uastack] OpcUa_SecureConnection_OnNotify: Connect event: ERROR 0x80050000!
23:39:35.038Z|1|6538* [uastack] OpcUa_SecureConnection_OnNotify: Connect event: Notifying owner! 0x80050000
23:40:09.802Z|1|C598* [uastack] OpcUa_SecureConnection_OnNotify: Connect event: ERROR 0x80050000!
23:40:09.802Z|1|C598* [uastack] OpcUa_SecureConnection_OnNotify: Connect event: Notifying owner! 0x80050000
23:40:44.556Z|1|4030* [uastack] OpcUa_SecureConnection_OnNotify: Connect event: ERROR 0x80050000!
23:40:44.556Z|1|4030* [uastack] OpcUa_SecureConnection_OnNotify: Connect event: Notifying owner! 0x80050000
23:41:19.360Z|1|6F84* [uastack] OpcUa_SecureConnection_OnNotify: Connect event: ERROR 0x80050000!
23:41:19.361Z|1|6F84* [uastack] OpcUa_SecureConnection_OnNotify: Connect event: Notifying owner! 0x80050000
23:41:54.141Z|1|B0F4* [uastack] OpcUa_SecureConnection_OnNotify: Connect event: ERROR 0x80050000!
23:41:54.142Z|1|B0F4* [uastack] OpcUa_SecureConnection_OnNotify: Connect event: Notifying owner! 0x80050000
23:42:28.925Z|1|0330* [uastack] OpcUa_SecureConnection_OnNotify: Connect event: ERROR 0x80050000!
23:42:28.925Z|1|0330* [uastack] OpcUa_SecureConnection_OnNotify: Connect event: Notifying owner! 0x80050000
23:43:03.715Z|1|32B0* [uastack] OpcUa_SecureConnection_OnNotify: Connect event: ERROR 0x80050000!
23:43:03.715Z|1|32B0* [uastack] OpcUa_SecureConnection_OnNotify: Connect event: Notifying owner! 0x80050000
23:43:38.500Z|1|8DC0* [uastack] OpcUa_SecureConnection_OnNotify: Connect event: ERROR 0x80050000!
23:43:38.500Z|1|8DC0* [uastack] OpcUa_SecureConnection_OnNotify: Connect event: Notifying owner! 0x80050000
23:44:13.259Z|1|8394* [uastack] OpcUa_SecureConnection_OnNotify: Connect event: ERROR 0x80050000!
23:44:13.259Z|1|8394* [uastack] OpcUa_SecureConnection_OnNotify: Connect event: Notifying owner! 0x80050000
23:44:48.020Z|1|6534* [uastack] OpcUa_SecureConnection_OnNotify: Connect event: ERROR 0x80050000!
23:44:48.020Z|1|6534* [uastack] OpcUa_SecureConnection_OnNotify: Connect event: Notifying owner! 0x80050000
23:45:22.784Z|1|BC28* [uastack] OpcUa_SecureConnection_OnNotify: Connect event: ERROR 0x80050000!
23:45:22.784Z|1|BC28* [uastack] OpcUa_SecureConnection_OnNotify: Connect event: Notifying owner! 0x80050000
23:45:57.520Z|1|67D4* [uastack] OpcUa_SecureConnection_OnNotify: Connect event: ERROR 0x80050000!
23:45:57.520Z|1|67D4* [uastack] OpcUa_SecureConnection_OnNotify: Connect event: Notifying owner! 0x80050000
23:46:32.301Z|1|5660* [uastack] OpcUa_SecureConnection_OnNotify: Connect event: ERROR 0x80050000!
23:46:32.301Z|1|5660* [uastack] OpcUa_SecureConnection_OnNotify: Connect event: Notifying owner! 0x80050000
23:47:07.080Z|1|8850* [uastack] OpcUa_SecureConnection_OnNotify: Connect event: ERROR 0x80050000!
23:47:07.080Z|1|8850* [uastack] OpcUa_SecureConnection_OnNotify: Connect event: Notifying owner! 0x80050000
23:47:41.832Z|1|6AB0* [uastack] OpcUa_SecureConnection_OnNotify: Connect event: ERROR 0x80050000!
23:47:41.832Z|1|6AB0* [uastack] OpcUa_SecureConnection_OnNotify: Connect event: Notifying owner! 0x80050000
23:48:16.618Z|1|5A5C* [uastack] OpcUa_SecureConnection_OnNotify: Connect event: ERROR 0x80050000!
23:48:16.618Z|1|5A5C* [uastack] OpcUa_SecureConnection_OnNotify: Connect event: Notifying owner! 0x80050000
23:48:51.388Z|1|3F1C* [uastack] OpcUa_SecureConnection_OnNotify: Connect event: ERROR 0x80050000!
23:48:51.388Z|1|3F1C* [uastack] OpcUa_SecureConnection_OnNotify: Connect event: Notifying owner! 0x80050000
23:49:26.168Z|1|A054* [uastack] OpcUa_SecureConnection_OnNotify: Connect event: ERROR 0x80050000!
23:49:26.168Z|1|A054* [uastack] OpcUa_SecureConnection_OnNotify: Connect event: Notifying owner! 0x80050000
23:50:00.800Z|1|8430* [uastack] OpcUa_SecureConnection_OnNotify: Connect event: ERROR 0x80050000!
23:50:00.800Z|1|8430* [uastack] OpcUa_SecureConnection_OnNotify: Connect event: Notifying owner! 0x80050000
23:50:35.272Z|1|1A0C* [uastack] OpcUa_SecureConnection_OnNotify: Connect event: ERROR 0x80050000!
23:50:35.272Z|1|1A0C* [uastack] OpcUa_SecureConnection_OnNotify: Connect event: Notifying owner! 0x80050000
23:51:09.772Z|1|53F4* [uastack] OpcUa_SecureConnection_OnNotify: Connect event: ERROR 0x80050000!
23:51:09.772Z|1|53F4* [uastack] OpcUa_SecureConnection_OnNotify: Connect event: Notifying owner! 0x80050000
23:51:44.227Z|1|1960* [uastack] OpcUa_SecureConnection_OnNotify: Connect event: ERROR 0x80050000!
23:51:44.227Z|1|1960* [uastack] OpcUa_SecureConnection_OnNotify: Connect event: Notifying owner! 0x80050000
23:52:18.713Z|1|51C8* [uastack] OpcUa_SecureConnection_OnNotify: Connect event: ERROR 0x80050000!
23:52:18.713Z|1|51C8* [uastack] OpcUa_SecureConnection_OnNotify: Connect event: Notifying owner! 0x80050000
23:52:53.201Z|1|B294* [uastack] OpcUa_SecureConnection_OnNotify: Connect event: ERROR 0x80050000!
23:52:53.202Z|1|B294* [uastack] OpcUa_SecureConnection_OnNotify: Connect event: Notifying owner! 0x80050000
23:53:27.680Z|1|16E0* [uastack] OpcUa_SecureConnection_OnNotify: Connect event: ERROR 0x80050000!
23:53:27.680Z|1|16E0* [uastack] OpcUa_SecureConnection_OnNotify: Connect event: Notifying owner! 0x80050000
23:54:02.132Z|1|7274* [uastack] OpcUa_SecureConnection_OnNotify: Connect event: ERROR 0x80050000!
23:54:02.132Z|1|7274* [uastack] OpcUa_SecureConnection_OnNotify: Connect event: Notifying owner! 0x80050000
23:54:36.602Z|1|4B80* [uastack] OpcUa_SecureConnection_OnNotify: Connect event: ERROR 0x80050000!
23:54:36.603Z|1|4B80* [uastack] OpcUa_SecureConnection_OnNotify: Connect event: Notifying owner! 0x80050000
23:55:11.082Z|1|B018* [uastack] OpcUa_SecureConnection_OnNotify: Connect event: ERROR 0x80050000!
23:55:11.084Z|1|B018* [uastack] OpcUa_SecureConnection_OnNotify: Connect event: Notifying owner! 0x80050000
23:55:45.548Z|1|2194* [uastack] OpcUa_SecureConnection_OnNotify: Connect event: ERROR 0x80050000!
23:55:45.548Z|1|2194* [uastack] OpcUa_SecureConnection_OnNotify: Connect event: Notifying owner! 0x80050000
23:56:20.006Z|1|7024* [uastack] OpcUa_SecureConnection_OnNotify: Connect event: ERROR 0x80050000!
23:56:20.006Z|1|7024* [uastack] OpcUa_SecureConnection_OnNotify: Connect event: Notifying owner! 0x80050000
23:56:54.496Z|1|ACBC* [uastack] OpcUa_SecureConnection_OnNotify: Connect event: ERROR 0x80050000!
23:56:54.497Z|1|ACBC* [uastack] OpcUa_SecureConnection_OnNotify: Connect event: Notifying owner! 0x80050000
23:57:28.964Z|1|C398* [uastack] OpcUa_SecureConnection_OnNotify: Connect event: ERROR 0x80050000!
23:57:28.965Z|1|C398* [uastack] OpcUa_SecureConnection_OnNotify: Connect event: Notifying owner! 0x80050000
23:58:03.406Z|1|99FC* [uastack] OpcUa_SecureConnection_OnNotify: Connect event: ERROR 0x80050000!
23:58:03.407Z|1|99FC* [uastack] OpcUa_SecureConnection_OnNotify: Connect event: Notifying owner! 0x80050000
23:58:37.882Z|1|8094* [uastack] OpcUa_SecureConnection_OnNotify: Connect event: ERROR 0x80050000!
23:58:37.882Z|1|8094* [uastack] OpcUa_SecureConnection_OnNotify: Connect event: Notifying owner! 0x80050000
23:59:12.329Z|1|1450* [uastack] OpcUa_SecureConnection_OnNotify: Connect event: ERROR 0x80050000!
23:59:12.329Z|1|1450* [uastack] OpcUa_SecureConnection_OnNotify: Connect event: Notifying owner! 0x80050000
23:59:46.797Z|1|BD84* [uastack] OpcUa_SecureConnection_OnNotify: Connect event: ERROR 0x80050000!
23:59:46.797Z|1|BD84* [uastack] OpcUa_SecureConnection_OnNotify: Connect event: Notifying owner! 0x80050000
00:00:21.553Z|1|2F54* [uastack] OpcUa_SecureConnection_OnNotify: Connect event: ERROR 0x80050000!
00:00:21.553Z|1|2F54* [uastack] OpcUa_SecureConnection_OnNotify: Connect event: Notifying owner! 0x80050000
00:00:56.317Z|1|9058* [uastack] OpcUa_SecureConnection_OnNotify: Connect event: ERROR 0x80050000!
00:00:56.317Z|1|9058* [uastack] OpcUa_SecureConnection_OnNotify: Connect event: Notifying owner! 0x80050000
00:01:31.113Z|1|AAF8* [uastack] OpcUa_SecureConnection_OnNotify: Connect event: ERROR 0x80050000!
00:01:31.113Z|1|AAF8* [uastack] OpcUa_SecureConnection_OnNotify: Connect event: Notifying owner! 0x80050000
00:02:05.875Z|1|B680* [uastack] OpcUa_SecureConnection_OnNotify: Connect event: ERROR 0x80050000!
00:02:05.875Z|1|B680* [uastack] OpcUa_SecureConnection_OnNotify: Connect event: Notifying owner! 0x80050000
00:02:40.655Z|1|A058* [uastack] OpcUa_SecureConnection_OnNotify: Connect event: ERROR 0x80050000!
00:02:40.655Z|1|A058* [uastack] OpcUa_SecureConnection_OnNotify: Connect event: Notifying owner! 0x80050000
00:03:15.422Z|1|87AC* [uastack] OpcUa_SecureConnection_OnNotify: Connect event: ERROR 0x80050000!
00:03:15.423Z|1|87AC* [uastack] OpcUa_SecureConnection_OnNotify: Connect event: Notifying owner! 0x80050000
00:03:50.189Z|1|8758* [uastack] OpcUa_SecureConnection_OnNotify: Connect event: ERROR 0x80050000!
00:03:50.189Z|1|8758* [uastack] OpcUa_SecureConnection_OnNotify: Connect event: Notifying owner! 0x80050000
00:04:24.987Z|1|4FE8* [uastack] OpcUa_SecureConnection_OnNotify: Connect event: ERROR 0x80050000!
00:04:24.987Z|1|4FE8* [uastack] OpcUa_SecureConnection_OnNotify: Connect event: Notifying owner! 0x80050000
00:04:59.766Z|1|1AC4* [uastack] OpcUa_SecureConnection_OnNotify: Connect event: ERROR 0x80050000!
00:04:59.766Z|1|1AC4* [uastack] OpcUa_SecureConnection_OnNotify: Connect event: Notifying owner! 0x80050000
00:05:34.578Z|1|3D88* [uastack] OpcUa_SecureConnection_OnNotify: Connect event: ERROR 0x80050000!
00:05:34.578Z|1|3D88* [uastack] OpcUa_SecureConnection_OnNotify: Connect event: Notifying owner! 0x80050000
00:06:09.344Z|1|2134* [uastack] OpcUa_SecureConnection_OnNotify: Connect event: ERROR 0x80050000!
00:06:09.344Z|1|2134* [uastack] OpcUa_SecureConnection_OnNotify: Connect event: Notifying owner! 0x80050000
00:06:44.090Z|1|BC78* [uastack] OpcUa_SecureConnection_OnNotify: Connect event: ERROR 0x80050000!
00:06:44.090Z|1|BC78* [uastack] OpcUa_SecureConnection_OnNotify: Connect event: Notifying owner! 0x80050000
00:07:18.920Z|1|7040* [uastack] OpcUa_SecureConnection_OnNotify: Connect event: ERROR 0x80050000!
00:07:18.920Z|1|7040* [uastack] OpcUa_SecureConnection_OnNotify: Connect event: Notifying owner! 0x80050000
00:07:53.682Z|1|C640* [uastack] OpcUa_SecureConnection_OnNotify: Connect event: ERROR 0x80050000!
00:07:53.682Z|1|C640* [uastack] OpcUa_SecureConnection_OnNotify: Connect event: Notifying owner! 0x80050000
00:08:28.475Z|1|5420* [uastack] OpcUa_SecureConnection_OnNotify: Connect event: ERROR 0x80050000!
00:08:28.475Z|1|5420* [uastack] OpcUa_SecureConnection_OnNotify: Connect event: Notifying owner! 0x80050000
00:09:03.217Z|1|8A58* [uastack] OpcUa_SecureConnection_OnNotify: Connect event: ERROR 0x80050000!
00:09:03.217Z|1|8A58* [uastack] OpcUa_SecureConnection_OnNotify: Connect event: Notifying owner! 0x80050000
00:09:38.015Z|1|B304* [uastack] OpcUa_SecureConnection_OnNotify: Connect event: ERROR 0x80050000!
00:09:38.015Z|1|B304* [uastack] OpcUa_SecureConnection_OnNotify: Connect event: Notifying owner! 0x80050000
00:10:12.853Z|1|1D18* [uastack] OpcUa_SecureConnection_OnNotify: Connect event: ERROR 0x80050000!
00:10:12.853Z|1|1D18* [uastack] OpcUa_SecureConnection_OnNotify: Connect event: Notifying owner! 0x80050000
00:10:47.643Z|1|947C* [uastack] OpcUa_SecureConnection_OnNotify: Connect event: ERROR 0x80050000!
00:10:47.643Z|1|947C* [uastack] OpcUa_SecureConnection_OnNotify: Connect event: Notifying owner! 0x80050000
00:11:22.437Z|1|3E74* [uastack] OpcUa_SecureConnection_OnNotify: Connect event: ERROR 0x80050000!
00:11:22.437Z|1|3E74* [uastack] OpcUa_SecureConnection_OnNotify: Connect event: Notifying owner! 0x80050000
00:11:57.209Z|1|24D4* [uastack] OpcUa_SecureConnection_OnNotify: Connect event: ERROR 0x80050000!
00:11:57.209Z|1|24D4* [uastack] OpcUa_SecureConnection_OnNotify: Connect event: Notifying owner! 0x80050000
00:12:31.986Z|1|81C8* [uastack] OpcUa_SecureConnection_OnNotify: Connect event: ERROR 0x80050000!
00:12:31.986Z|1|81C8* [uastack] OpcUa_SecureConnection_OnNotify: Connect event: Notifying owner! 0x80050000
00:13:06.755Z|1|0C1C* [uastack] OpcUa_SecureConnection_OnNotify: Connect event: ERROR 0x80050000!
00:13:06.755Z|1|0C1C* [uastack] OpcUa_SecureConnection_OnNotify: Connect event: Notifying owner! 0x80050000
00:13:41.543Z|1|8B68* [uastack] OpcUa_SecureConnection_OnNotify: Connect event: ERROR 0x80050000!
00:13:41.543Z|1|8B68* [uastack] OpcUa_SecureConnection_OnNotify: Connect event: Notifying owner! 0x80050000
00:14:16.303Z|1|9040* [uastack] OpcUa_SecureConnection_OnNotify: Connect event: ERROR 0x80050000!
00:14:16.303Z|1|9040* [uastack] OpcUa_SecureConnection_OnNotify: Connect event: Notifying owner! 0x80050000
00:14:51.084Z|1|A820* [uastack] OpcUa_SecureConnection_OnNotify: Connect event: ERROR 0x80050000!
00:14:51.085Z|1|A820* [uastack] OpcUa_SecureConnection_OnNotify: Connect event: Notifying owner! 0x80050000
00:15:25.897Z|1|BB54* [uastack] OpcUa_SecureConnection_OnNotify: Connect event: ERROR 0x80050000!
00:15:25.897Z|1|BB54* [uastack] OpcUa_SecureConnection_OnNotify: Connect event: Notifying owner! 0x80050000
00:16:00.654Z|1|2F2C* [uastack] OpcUa_SecureConnection_OnNotify: Connect event: ERROR 0x80050000!
00:16:00.655Z|1|2F2C* [uastack] OpcUa_SecureConnection_OnNotify: Connect event: Notifying owner! 0x80050000
00:16:35.418Z|1|7094* [uastack] OpcUa_SecureConnection_OnNotify: Connect event: ERROR 0x80050000!
00:16:35.418Z|1|7094* [uastack] OpcUa_SecureConnection_OnNotify: Connect event: Notifying owner! 0x80050000
00:16:46.520Z|1|BAD8* [uastack] OpcUa_SecureConnection_OnNotify: Connect event: ERROR 0x80050000!
00:16:46.520Z|1|BAD8* [uastack] OpcUa_SecureConnection_OnNotify: Connect event: Notifying owner! 0x80050000
