** urn:nono:Studio:OpcUaServer: start trace
** Product version: Studio Studio Opc Ua Server 1.0.1
** Date: 2024-04-28
**
22:09:17.214Z|4|74F8* ==> UaCoreServerApplication::start
22:09:17.214Z|6|74F8* --> ServerConfigXml::loadConfiguration
22:09:17.214Z|2|74F8* Warning: ServerConfigXml - AllowDeprecatedSecurityPolicies is set to true. You may run the server with settings that are no longer considered secure.
22:09:17.215Z|2|74F8* Warning: ServerConfigXml - setting UserIdentityTokens/SecurityPolicy to http://opcfoundation.org/UA/SecurityPolicy#Basic256. This SecurityPolicy is no longer considered secure.
22:09:17.215Z|2|74F8* Warning: UaEndpointXml::setXmlConfig - SecurityPolicyUri: http://opcfoundation.org/UA/SecurityPolicy#None is enabled. This allows clients to connect without certificate check.
22:09:17.215Z|6|74F8* <-- ServerConfigXml::loadConfiguration [ret=0x0]
22:09:17.215Z|3|74F8* UaDir::mkpath: Path already exists!
22:09:19.285Z|1|5620* [uastack] OpcUa_SecureConnection_OnNotify: Connect event: ERROR 0x80050000!
22:09:19.285Z|1|5620* [uastack] OpcUa_SecureConnection_OnNotify: Connect event: Notifying owner! 0x80050000
22:10:01.531Z|1|84C4* [uastack] OpcUa_SecureConnection_OnNotify: Connect event: ERROR 0x80050000!
22:10:01.531Z|1|84C4* [uastack] OpcUa_SecureConnection_OnNotify: Connect event: Notifying owner! 0x80050000
22:10:43.789Z|1|6DDC* [uastack] OpcUa_SecureConnection_OnNotify: Connect event: ERROR 0x80050000!
22:10:43.789Z|1|6DDC* [uastack] OpcUa_SecureConnection_OnNotify: Connect event: Notifying owner! 0x80050000
22:11:17.929Z|1|A648* [uastack] OpcUa_SecureConnection_OnNotify: Connect event: ERROR 0x80050000!
22:11:17.929Z|1|A648* [uastack] OpcUa_SecureConnection_OnNotify: Connect event: Notifying owner! 0x80050000
22:12:00.746Z|1|19E0* [uastack] OpcUa_SecureConnection_OnNotify: Connect event: ERROR 0x80050000!
22:12:00.747Z|1|19E0* [uastack] OpcUa_SecureConnection_OnNotify: Connect event: Notifying owner! 0x80050000
22:12:34.610Z|1|7194* [uastack] OpcUa_SecureConnection_OnNotify: Connect event: ERROR 0x80050000!
22:12:34.610Z|1|7194* [uastack] OpcUa_SecureConnection_OnNotify: Connect event: Notifying owner! 0x80050000
22:13:16.882Z|1|8764* [uastack] OpcUa_SecureConnection_OnNotify: Connect event: ERROR 0x80050000!
22:13:16.882Z|1|8764* [uastack] OpcUa_SecureConnection_OnNotify: Connect event: Notifying owner! 0x80050000
22:13:59.135Z|1|AFCC* [uastack] OpcUa_SecureConnection_OnNotify: Connect event: ERROR 0x80050000!
22:13:59.135Z|1|AFCC* [uastack] OpcUa_SecureConnection_OnNotify: Connect event: Notifying owner! 0x80050000
22:14:18.389Z|1|13DC* [uastack] OpcUa_SecureConnection_OnNotify: Connect event: ERROR 0x80050000!
22:14:18.389Z|1|13DC* [uastack] OpcUa_SecureConnection_OnNotify: Connect event: Notifying owner! 0x80050000
